1|I|ttt|move|0 0 0 0
2|O|Placed piece at (0,0) (bank: 0)
3|O|X........
4|O|Player 1 (X) Power Bank: 0
5|O|Player 2 (O) Power Bank: 1
6|O|Current Turn: Player 2
7|I|ttt|move|0 1 0 1
8|O|Placed piece at (0,1) (bank: 0)
9|O|XO.......
10|O|Player 1 (X) Power Bank: 1
11|O|Player 2 (O) Power Bank: 0
12|O|Current Turn: Player 1
13|I|ttt|move|1 0 1 0
14|O|Placed piece at (1,0) (bank: 0)
15|O|XO.X.....
16|O|Player 1 (X) Power Bank: 0
17|O|Player 2 (O) Power Bank: 1
18|O|Current Turn: Player 2
19|I|ttt|move|1 1 1 1
20|O|Placed piece at (1,1) (bank: 0)
21|O|XO.XO....
22|O|Player 1 (X) Power Bank: 1
23|O|Player 2 (O) Power Bank: 0
24|O|Current Turn: Player 1
25|I|ttt|move|2 0 2 0
26|O|Placed piece at (2,0) (bank: 0) [Formed 1 line(s)!]
27|O|XO.XO.X..
28|O|Player 1 (X) Power Bank: 0
29|O|Player 2 (O) Power Bank: 1
30|O|Current Turn: Player 2
31|I|ttt|move|2 1 2 1
32|O|Placed piece at (2,1) (bank: 0) [Formed 1 line(s)!]
33|O|XO.XO.XO.
34|O|Player 1 (X) Power Bank: 2
35|O|Player 2 (O) Power Bank: 0
36|O|Current Turn: Player 1
37|I|ttt|move|1 0 1 1
38|O|Combat: (1,0) draws with (1,1) [1 vs 1] - Both reduced to power 0
39|O|XO.X0O0.XO.
40|O|Player 1 (X) Power Bank: 2
41|O|Player 2 (O) Power Bank: 2
42|O|Current Turn: Player 2
43|I|ttt|move|0 2 0 2
44|O|Placed piece at (0,2) (bank: 1)
45|O|XOOX0O0.XO.
46|O|Player 1 (X) Power Bank: 4
47|O|Player 2 (O) Power Bank: 1
48|O|Current Turn: Player 1
49|I|ttt|move|1 0 1 1
50|O|Invalid move
51|I|ttt|move|1 0 1 1
52|O|Invalid move
53|I|ttt|move|0 0 0 0
54|O|Power up: (0,0) now has power 2 (bank: 3)
55|O|X2OOX0O0.XO.
56|O|Player 1 (X) Power Bank: 3
57|O|Player 2 (O) Power Bank: 3
58|O|Current Turn: Player 2
59|I|ttt|move|1 1 1 0
60|O|Invalid move
61|I|ttt|move|1 1 1 0
62|O|Invalid move
63|I|ttt|move|1 1 0 1
64|O|Invalid move
65|I|ttt|move|1 1 2 0
66|O|Invalid move
67|I|ttt|move|1 1 1 1
68|O|Power up: (1,1) now has power 1 (bank: 2)
69|O|X2OOX0O.XO.
70|O|Player 1 (X) Power Bank: 5
71|O|Player 2 (O) Power Bank: 2
72|O|Current Turn: Player 1
73|I|ttt|move|0 0 2 1
74|O|Combat: (0,0) defeats (2,1) [2 vs 1] - Captured with power 1 [Opponent lost 1 line(s)!]
75|O|.OOX0O.XX.
76|O|Player 1 (X) Power Bank: 5
77|O|Player 2 (O) Power Bank: 3
78|O|Current Turn: Player 2
